<?xml version="1.0" encoding="UTF-8"?>
<!-- Generated by org.testng.reporters.JUnitReportReporter -->
<testsuite hostname="LAPTOP-7T734GLV" failures="0" tests="1" name="tests.SliderTest" time="7.577" errors="0" timestamp="2025-04-22T15:04:43 IST" skipped="0">
  <testcase classname="tests.SliderTest" name="sliderTestMethod" time="7.577"/>
</testsuite> <!-- tests.SliderTest -->
