<?xml version="1.0" encoding="UTF-8"?>
<!-- Generated by org.testng.reporters.JUnitReportReporter -->
<testsuite hostname="LAPTOP-7T734GLV" failures="0" tests="1" name="tests.GUIElementsTest" time="7.173" errors="0" timestamp="2025-04-17T08:45:25 IST" skipped="0">
  <testcase classname="tests.GUIElementsTest" name="validateGUIElements" time="7.173"/>
</testsuite> <!-- tests.GUIElementsTest -->
