<?xml version="1.0" encoding="UTF-8"?>
<!-- Generated by org.testng.reporters.JUnitReportReporter -->
<testsuite hostname="LAPTOP-7T734GLV" failures="0" tests="1" name="tests.DoubleClickTest" time="11.341" errors="0" timestamp="2025-04-19T17:13:18 IST" skipped="0">
  <testcase classname="tests.DoubleClickTest" name="doubleClickMethod" time="11.341"/>
</testsuite> <!-- tests.DoubleClickTest -->
