<?xml version="1.0" encoding="UTF-8"?>
<!-- Generated by org.testng.reporters.JUnitReportReporter -->
<testsuite hostname="LAPTOP-7T734GLV" failures="0" tests="1" name="tests.SortedListTest" time="10.873" errors="0" timestamp="2025-04-21T15:00:13 IST" skipped="0">
  <testcase classname="tests.SortedListTest" name="sortedListTestMethod" time="10.873"/>
</testsuite> <!-- tests.SortedListTest -->
