<?xml version="1.0" encoding="UTF-8"?>
<!-- Generated by org.testng.reporters.JUnitReportReporter -->
<testsuite hostname="LAPTOP-7T734GLV" failures="0" tests="1" name="tests.StaticWebTableTest" time="7.815" errors="0" timestamp="2025-04-24T10:04:52 IST" skipped="0">
  <testcase classname="tests.StaticWebTableTest" name="staticWebtableMethod" time="7.815"/>
</testsuite> <!-- tests.StaticWebTableTest -->
