<?xml version="1.0" encoding="UTF-8"?>
<!-- Generated by org.testng.reporters.JUnitReportReporter -->
<testsuite hostname="ANKIT-SYS" failures="0" tests="1" name="tests.TabsTest" time="9.912" errors="0" timestamp="2025-04-21T08:25:25 IST" skipped="0">
  <testcase classname="tests.TabsTest" name="tabTestMethod" time="9.912"/>
  <system-out/>
</testsuite> <!-- tests.TabsTest -->
