<?xml version="1.0" encoding="UTF-8"?>
<!-- Generated by org.testng.reporters.JUnitReportReporter -->
<testsuite hostname="LAPTOP-7T734GLV" failures="0" tests="1" name="tests.SortedListTest" time="6.547" errors="0" timestamp="2025-04-21T08:33:11 IST" skipped="0">
  <testcase classname="tests.SortedListTest" name="sortedListTestMethod" time="6.547"/>
</testsuite> <!-- tests.SortedListTest -->
