<?xml version="1.0" encoding="UTF-8"?>
<!-- Generated by org.testng.reporters.JUnitReportReporter -->
<testsuite hostname="ANKIT-SYS" failures="0" tests="1" name="tests.NewTabTest" time="8.642" errors="0" timestamp="2025-04-17T08:42:07 IST" skipped="0">
  <testcase classname="tests.NewTabTest" name="newTab" time="8.642"/>
  <system-out/>
</testsuite> <!-- tests.NewTabTest -->
