<?xml version="1.0" encoding="UTF-8"?>
<!-- Generated by org.testng.reporters.JUnitReportReporter -->
<testsuite hostname="LAPTOP-7T734GLV" failures="0" tests="1" name="tests.AlertsAndPopupsTest" time="7.258" errors="0" timestamp="2025-04-16T16:50:16 IST" skipped="0">
  <testcase classname="tests.AlertsAndPopupsTest" name="alertandPopUp" time="7.258"/>
</testsuite> <!-- tests.AlertsAndPopupsTest -->
