<?xml version="1.0" encoding="UTF-8"?>
<!-- Generated by org.testng.reporters.JUnitReportReporter -->
<testsuite hostname="LAPTOP-7T734GLV" failures="0" tests="1" name="tests.DoubleClickTest" time="8.078" errors="0" timestamp="2025-04-21T09:11:14 IST" skipped="0">
  <testcase classname="tests.DoubleClickTest" name="doubleClickMethod" time="8.078"/>
</testsuite> <!-- tests.DoubleClickTest -->
