<?xml version="1.0" encoding="UTF-8"?>
<!-- Generated by org.testng.reporters.JUnitReportReporter -->
<testsuite hostname="LAPTOP-7T734GLV" failures="0" tests="1" name="tests.UploadFilesTest" time="28.178" errors="0" timestamp="2025-04-23T08:17:45 IST" skipped="0">
  <testcase classname="tests.UploadFilesTest" name="uploadFilesMethod" time="28.178"/>
</testsuite> <!-- tests.UploadFilesTest -->
