<?xml version="1.0" encoding="UTF-8"?>
<!-- Generated by org.testng.reporters.JUnitReportReporter -->
<testsuite hostname="ANKIT-SYS" failures="0" tests="1" name="tests.NewTabTest" time="8.744" errors="0" timestamp="2025-04-19T18:36:27 IST" skipped="0">
  <testcase classname="tests.NewTabTest" name="popWinMethod" time="8.744"/>
  <system-out/>
</testsuite> <!-- tests.NewTabTest -->
