<?xml version="1.0" encoding="UTF-8"?>
<!-- Generated by org.testng.reporters.JUnitReportReporter -->
<testsuite hostname="ANKIT-SYS" failures="0" tests="1" name="pages.GUIElements" time="0.010" errors="0" timestamp="2025-04-12T09:16:32 IST" skipped="0">
  <testcase classname="pages.GUIElements" name="m" time="0.010"/>
  <system-out/>
</testsuite> <!-- pages.GUIElements -->
