<?xml version="1.0" encoding="UTF-8"?>
<!-- Generated by org.testng.reporters.JUnitReportReporter -->
<testsuite hostname="ANKIT-SYS" failures="0" tests="1" name="tests.DoubleClickTest" time="9.089" errors="0" timestamp="2025-04-19T18:04:30 IST" skipped="0">
  <testcase classname="tests.DoubleClickTest" name="doubleClickMethod" time="9.089"/>
  <system-out/>
</testsuite> <!-- tests.DoubleClickTest -->
