<?xml version="1.0" encoding="UTF-8"?>
<!-- Generated by org.testng.reporters.JUnitReportReporter -->
<testsuite hostname="ANKIT-SYS" failures="0" tests="1" name="tests.GenderRadioButtonTest" time="6.253" errors="0" timestamp="2025-07-10T21:45:41 IST" skipped="0">
  <testcase classname="tests.GenderRadioButtonTest" name="validateGenderRadioButtonTest" time="6.253"/>
</testsuite> <!-- tests.GenderRadioButtonTest -->
