<?xml version="1.0" encoding="UTF-8"?>
<!-- Generated by org.testng.reporters.JUnitReportReporter -->
<<<<<<< HEAD
<testsuite hostname="ANKIT-SYS" failures="0" tests="1" name="tests.GenderRadioButtonTest" time="7.430" errors="0" timestamp="2025-04-16T07:27:18 IST" skipped="0">
  <testcase classname="tests.GenderRadioButtonTest" name="validateGenderRadioButtonTest" time="7.430"/>
  <system-out/>
=======
<testsuite hostname="LAPTOP-7T734GLV" failures="0" tests="1" name="tests.GenderRadioButtonTest" time="6.978" errors="0" timestamp="2025-04-16T07:32:49 IST" skipped="0">
  <testcase classname="tests.GenderRadioButtonTest" name="validateGenderRadioButtonTest" time="6.978"/>
>>>>>>> 1e580ef76542980dc120f4a5d0b7fcc6bf55443a
</testsuite> <!-- tests.GenderRadioButtonTest -->
