<?xml version="1.0" encoding="UTF-8"?>
<!-- Generated by org.testng.reporters.JUnitReportReporter -->
<testsuite hostname="LAPTOP-7T734GLV" failures="0" tests="1" name="tests.AlertsAndPopupsTest" time="11.326" errors="0" timestamp="2025-04-21T08:33:11 IST" skipped="0">
  <testcase classname="tests.AlertsAndPopupsTest" name="alertandPopUp" time="11.326"/>
</testsuite> <!-- tests.AlertsAndPopupsTest -->
