<?xml version="1.0" encoding="UTF-8"?>
<!-- Generated by org.testng.reporters.JUnitReportReporter -->
<testsuite hostname="LAPTOP-7T734GLV" failures="0" tests="1" name="tests.CountryDropDownTest" time="10.851" errors="0" timestamp="2025-04-17T09:09:03 IST" skipped="0">
  <testcase classname="tests.CountryDropDownTest" name="validateCountryDropDown" time="10.851"/>
</testsuite> <!-- tests.CountryDropDownTest -->
