<?xml version="1.0" encoding="UTF-8"?>
<!-- Generated by org.testng.reporters.JUnitReportReporter -->
<testsuite hostname="LAPTOP-7T734GLV" failures="0" tests="1" name="tests.ColoursSelectionTest" time="7.099" errors="0" timestamp="2025-04-21T15:00:50 IST" skipped="0">
  <testcase classname="tests.ColoursSelectionTest" name="ColoursSelectionMethod" time="7.099"/>
</testsuite> <!-- tests.ColoursSelectionTest -->
