<?xml version="1.0" encoding="UTF-8"?>
<!-- Generated by org.testng.reporters.JUnitReportReporter -->
<testsuite hostname="LAPTOP-7T734GLV" failures="0" tests="1" name="tests.GUIElementsTest" time="18.957" errors="0" timestamp="2025-04-16T07:17:26 IST" skipped="0">
  <testcase classname="tests.GUIElementsTest" name="validateGUIElements" time="18.957"/>
</testsuite> <!-- tests.GUIElementsTest -->
