<?xml version="1.0" encoding="UTF-8"?>
<!-- Generated by org.testng.reporters.JUnitReportReporter -->
<testsuite hostname="ANKIT-SYS" failures="0" tests="1" name="tests.GUIElementsTest" time="9.048" errors="0" timestamp="2025-07-11T11:58:17 IST" skipped="0">
  <testcase classname="tests.GUIElementsTest" name="validateGUIElements" time="9.048"/>
</testsuite> <!-- tests.GUIElementsTest -->
