<?xml version="1.0" encoding="UTF-8"?>
<!-- Generated by org.testng.reporters.JUnitReportReporter -->
<testsuite hostname="ANKIT-SYS" failures="0" tests="1" name="tests.AlertsAndPopupsTest" time="10.939" errors="0" timestamp="2025-04-17T08:42:07 IST" skipped="0">
  <testcase classname="tests.AlertsAndPopupsTest" name="alertandPopUp" time="10.939"/>
  <system-out/>
</testsuite> <!-- tests.AlertsAndPopupsTest -->
