<?xml version="1.0" encoding="UTF-8"?>
<!-- Generated by org.testng.reporters.JUnitReportReporter -->
<testsuite hostname="LAPTOP-7T734GLV" failures="0" tests="1" name="tests.PaginationWebTableTest" time="6.631" errors="0" timestamp="2025-04-24T12:06:52 IST" skipped="0">
  <testcase classname="tests.PaginationWebTableTest" name="paginationWebtableMethod" time="6.631"/>
</testsuite> <!-- tests.PaginationWebTableTest -->
