<?xml version="1.0" encoding="UTF-8"?>
<!-- Generated by org.testng.reporters.JUnitReportReporter -->
<testsuite hostname="ANKIT-SYS" failures="0" tests="1" name="tests.GUIElementsTest" time="0.747" errors="0" timestamp="2025-04-15T14:15:35 IST" skipped="0">
  <testcase classname="tests.GUIElementsTest" name="validateGUIElements" time="0.747"/>
  <system-out/>
</testsuite> <!-- tests.GUIElementsTest -->
