<?xml version="1.0" encoding="UTF-8"?>
<!-- Generated by org.testng.reporters.JUnitReportReporter -->
<testsuite hostname="ANKIT-SYS" failures="0" tests="1" name="tests.DatePickerFieldTest" time="7.768" errors="0" timestamp="2025-04-21T07:47:47 IST" skipped="0">
  <testcase classname="tests.DatePickerFieldTest" name="datePickerFieldMethod" time="7.768"/>
  <system-out/>
</testsuite> <!-- tests.DatePickerFieldTest -->
