<?xml version="1.0" encoding="UTF-8"?>
<!-- Generated by org.testng.reporters.JUnitReportReporter -->
<testsuite hostname="LAPTOP-7T734GLV" failures="0" tests="1" name="tests.NewTabTest" time="6.409" errors="0" timestamp="2025-04-17T08:28:41 IST" skipped="0">
  <testcase classname="tests.NewTabTest" name="newTab" time="6.409"/>
</testsuite> <!-- tests.NewTabTest -->
