<?xml version="1.0" encoding="UTF-8"?>
<!-- Generated by org.testng.reporters.JUnitReportReporter -->
<testsuite hostname="ANKIT-SYS" failures="0" tests="1" name="tests.MouseHoverTest" time="5.271" errors="0" timestamp="2025-07-10T21:45:41 IST" skipped="0">
  <testcase classname="tests.MouseHoverTest" name="validateMouseHover" time="5.271"/>
</testsuite> <!-- tests.MouseHoverTest -->
