<?xml version="1.0" encoding="UTF-8"?>
<!-- Generated by org.testng.reporters.JUnitReportReporter -->
<testsuite hostname="ANKIT-SYS" failures="0" tests="1" name="tests.ColoursSelectionTest" time="7.804" errors="0" timestamp="2025-04-21T07:21:03 IST" skipped="0">
  <testcase classname="tests.ColoursSelectionTest" name="ColoursSelectionMethod" time="7.804"/>
  <system-out/>
</testsuite> <!-- tests.ColoursSelectionTest -->
