<?xml version="1.0" encoding="UTF-8"?>
<!-- Generated by org.testng.reporters.JUnitReportReporter -->
<testsuite hostname="ANKIT-SYS" failures="0" tests="1" name="tests.GenderRadioButtonTest" time="6.120" errors="0" timestamp="2025-04-17T08:42:07 IST" skipped="0">
  <testcase classname="tests.GenderRadioButtonTest" name="validateGenderRadioButtonTest" time="6.120"/>
  <system-out/>
</testsuite> <!-- tests.GenderRadioButtonTest -->
