<?xml version="1.0" encoding="UTF-8"?>
<!-- Generated by org.testng.reporters.JUnitReportReporter -->
<testsuite hostname="LAPTOP-7T734GLV" failures="0" tests="1" name="tests.DropDragTest" time="10.271" errors="0" timestamp="2025-04-22T12:52:58 IST" skipped="0">
  <testcase classname="tests.DropDragTest" name="dropDragTestMethod" time="10.271"/>
</testsuite> <!-- tests.DropDragTest -->
