<?xml version="1.0" encoding="UTF-8"?>
<!-- Generated by org.testng.reporters.JUnitReportReporter -->
<testsuite hostname="ANKIT-SYS" failures="0" tests="1" name="tests.GenderRadioButtonTest" time="7.430" errors="0" timestamp="2025-04-16T07:27:18 IST" skipped="0">
  <testcase classname="tests.GenderRadioButtonTest" name="validateGenderRadioButtonTest" time="7.430"/>
  <system-out/>
</testsuite> <!-- tests.GenderRadioButtonTest -->
